[2023-10-04 16:44:12] local.ERROR: SQLSTATE[HY000] [2002] No connection could be made because the target machine actively refused it (Connection: mysql, SQL: insert into `shetabit_visits` (`method`, `request`, `url`, `referer`, `languages`, `useragent`, `headers`, `device`, `platform`, `browser`, `ip`, `visitor_id`, `visitor_type`, `updated_at`, `created_at`) values (GET, [], http://127.0.0.1:8000, ?, ["en-us","en"], Mozilla/5.0 (Windows NT 10.0; Win64; x64) AppleWebKit/537.36 (KHTML, like Gecko) Chrome/117.0.0.0 Safari/537.36, {"host":["127.0.0.1:8000"],"connection":["keep-alive"],"sec-ch-ua":["\"Google Chrome\";v=\"117\", \"Not;A=Brand\";v=\"8\", \"Chromium\";v=\"117\""],"sec-ch-ua-mobile":["?0"],"sec-ch-ua-platform":["\"Windows\""],"upgrade-insecure-requests":["1"],"user-agent":["Mozilla\/5.0 (Windows NT 10.0; Win64; x64) AppleWebKit\/537.36 (KHTML, like Gecko) Chrome\/117.0.0.0 Safari\/537.36"],"accept":["text\/html,application\/xhtml+xml,application\/xml;q=0.9,image\/avif,image\/webp,image\/apng,*\/*;q=0.8,application\/signed-exchange;v=b3;q=0.7"],"sec-fetch-site":["none"],"sec-fetch-mode":["navigate"],"sec-fetch-user":["?1"],"sec-fetch-dest":["document"],"accept-encoding":["gzip, deflate, br"],"accept-language":["en-US,en;q=0.9"],"cookie":["XSRF-TOKEN=eyJpdiI6ImQ0MXRLVTY5ejhpemNydTJRMkt4VXc9PSIsInZhbHVlIjoiVEs2eGhCY1o3emZ5WG1keWh0eFVPMDNEVG1nUmxwaWxPSmt0SzhZR1ZoOEVWV2hZZjF0bzFGcEpaalNoZ0JmejFNQ0h2UXcvOUFXL3NsWVZhVXdmTHFQWFNwd3ZDWk1WTlhVYUZlMHZuWlhvUUhCSjVyQ1NONWc4ZDdZT2htWE0iLCJtYWMiOiJjYWRmMzdlZTYxZDJkMTIyNWJlYzgzOTc0ZTlkMDgxMGE1NGJhOTMwYThiZjA1ZjAzNDU0OTA4MTYxYTFjM2VhIiwidGFnIjoiIn0%3D; athena_science_academy_session=eyJpdiI6IjlTZDEyQ09rVkZIWkJaNk5OemxRSEE9PSIsInZhbHVlIjoiNDFrYXpPV3FtSnBDc2xTam9OWFB2d1pRTzhId1VENU5oOFpabHZrK2R1V1draVczZngyQ1AxNnh0c1JBMUVPN1IrNkZFVDRhQ3k2Rm1LYkNWNkFDT25hNmlsck1kelZrdWs4OWlDVVczQ1JjcmpaaXdVS3lpOENxUFovUWF5eGEiLCJtYWMiOiI3YjFlNjEyZDE4MDUzMGZkY2U4ZjVhYWYzZjg1N2QyMzFmMzQ2ZGY3NGQwNjZmNmMzNjA5M2Y1ZmQzYjg2NDc0IiwidGFnIjoiIn0%3D"]}, WebKit, Windows, Chrome, 127.0.0.1, ?, ?, 2023-10-04 16:44:04, 2023-10-04 16:44:04)) {"exception":"[object] (Illuminate\\Database\\QueryException(code: 2002): SQLSTATE[HY000] [2002] No connection could be made because the target machine actively refused it (Connection: mysql, SQL: insert into `shetabit_visits` (`method`, `request`, `url`, `referer`, `languages`, `useragent`, `headers`, `device`, `platform`, `browser`, `ip`, `visitor_id`, `visitor_type`, `updated_at`, `created_at`) values (GET, [], http://127.0.0.1:8000, ?, [\"en-us\",\"en\"], Mozilla/5.0 (Windows NT 10.0; Win64; x64) AppleWebKit/537.36 (KHTML, like Gecko) Chrome/117.0.0.0 Safari/537.36, {\"host\":[\"127.0.0.1:8000\"],\"connection\":[\"keep-alive\"],\"sec-ch-ua\":[\"\\\"Google Chrome\\\";v=\\\"117\\\", \\\"Not;A=Brand\\\";v=\\\"8\\\", \\\"Chromium\\\";v=\\\"117\\\"\"],\"sec-ch-ua-mobile\":[\"?0\"],\"sec-ch-ua-platform\":[\"\\\"Windows\\\"\"],\"upgrade-insecure-requests\":[\"1\"],\"user-agent\":[\"Mozilla\\/5.0 (Windows NT 10.0; Win64; x64) AppleWebKit\\/537.36 (KHTML, like Gecko) Chrome\\/117.0.0.0 Safari\\/537.36\"],\"accept\":[\"text\\/html,application\\/xhtml+xml,application\\/xml;q=0.9,image\\/avif,image\\/webp,image\\/apng,*\\/*;q=0.8,application\\/signed-exchange;v=b3;q=0.7\"],\"sec-fetch-site\":[\"none\"],\"sec-fetch-mode\":[\"navigate\"],\"sec-fetch-user\":[\"?1\"],\"sec-fetch-dest\":[\"document\"],\"accept-encoding\":[\"gzip, deflate, br\"],\"accept-language\":[\"en-US,en;q=0.9\"],\"cookie\":[\"XSRF-TOKEN=eyJpdiI6ImQ0MXRLVTY5ejhpemNydTJRMkt4VXc9PSIsInZhbHVlIjoiVEs2eGhCY1o3emZ5WG1keWh0eFVPMDNEVG1nUmxwaWxPSmt0SzhZR1ZoOEVWV2hZZjF0bzFGcEpaalNoZ0JmejFNQ0h2UXcvOUFXL3NsWVZhVXdmTHFQWFNwd3ZDWk1WTlhVYUZlMHZuWlhvUUhCSjVyQ1NONWc4ZDdZT2htWE0iLCJtYWMiOiJjYWRmMzdlZTYxZDJkMTIyNWJlYzgzOTc0ZTlkMDgxMGE1NGJhOTMwYThiZjA1ZjAzNDU0OTA4MTYxYTFjM2VhIiwidGFnIjoiIn0%3D; athena_science_academy_session=eyJpdiI6IjlTZDEyQ09rVkZIWkJaNk5OemxRSEE9PSIsInZhbHVlIjoiNDFrYXpPV3FtSnBDc2xTam9OWFB2d1pRTzhId1VENU5oOFpabHZrK2R1V1draVczZngyQ1AxNnh0c1JBMUVPN1IrNkZFVDRhQ3k2Rm1LYkNWNkFDT25hNmlsck1kelZrdWs4OWlDVVczQ1JjcmpaaXdVS3lpOENxUFovUWF5eGEiLCJtYWMiOiI3YjFlNjEyZDE4MDUzMGZkY2U4ZjVhYWYzZjg1N2QyMzFmMzQ2ZGY3NGQwNjZmNmMzNjA5M2Y1ZmQzYjg2NDc0IiwidGFnIjoiIn0%3D\"]}, WebKit, Windows, Chrome, 127.0.0.1, ?, ?, 2023-10-04 16:44:04, 2023-10-04 16:44:04)) at G:\\Milon Kumar Running Project\\oraska-lms-master\\vendor\\laravel\\framework\\src\\Illuminate\\Database\\Connection.php:801)
[stacktrace]
#0 G:\\Milon Kumar Running Project\\oraska-lms-master\\vendor\\laravel\\framework\\src\\Illuminate\\Database\\Connection.php(951): Illuminate\\Database\\Connection->runQueryCallback('insert into `sh...', Array, Object(Closure))
#1 G:\\Milon Kumar Running Project\\oraska-lms-master\\vendor\\laravel\\framework\\src\\Illuminate\\Database\\Connection.php(930): Illuminate\\Database\\Connection->tryAgainIfCausedByLostConnection(Object(Illuminate\\Database\\QueryException), 'insert into `sh...', Array, Object(Closure))
#2 G:\\Milon Kumar Running Project\\oraska-lms-master\\vendor\\laravel\\framework\\src\\Illuminate\\Database\\Connection.php(757): Illuminate\\Database\\Connection->handleQueryException(Object(Illuminate\\Database\\QueryException), 'insert into `sh...', Array, Object(Closure))
#3 G:\\Milon Kumar Running Project\\oraska-lms-master\\vendor\\laravel\\framework\\src\\Illuminate\\Database\\Connection.php(569): Illuminate\\Database\\Connection->run('insert into `sh...', Array, Object(Closure))
#4 G:\\Milon Kumar Running Project\\oraska-lms-master\\vendor\\laravel\\framework\\src\\Illuminate\\Database\\Connection.php(533): Illuminate\\Database\\Connection->statement('insert into `sh...', Array)
#5 G:\\Milon Kumar Running Project\\oraska-lms-master\\vendor\\laravel\\framework\\src\\Illuminate\\Database\\Query\\Processors\\Processor.php(32): Illuminate\\Database\\Connection->insert('insert into `sh...', Array)
#6 G:\\Milon Kumar Running Project\\oraska-lms-master\\vendor\\laravel\\framework\\src\\Illuminate\\Database\\Query\\Builder.php(3387): Illuminate\\Database\\Query\\Processors\\Processor->processInsertGetId(Object(Illuminate\\Database\\Query\\Builder), 'insert into `sh...', Array, 'id')
#7 G:\\Milon Kumar Running Project\\oraska-lms-master\\vendor\\laravel\\framework\\src\\Illuminate\\Database\\Eloquent\\Builder.php(1968): Illuminate\\Database\\Query\\Builder->insertGetId(Array, 'id')
#8 G:\\Milon Kumar Running Project\\oraska-lms-master\\vendor\\laravel\\framework\\src\\Illuminate\\Database\\Eloquent\\Model.php(1333): Illuminate\\Database\\Eloquent\\Builder->__call('insertGetId', Array)
#9 G:\\Milon Kumar Running Project\\oraska-lms-master\\vendor\\laravel\\framework\\src\\Illuminate\\Database\\Eloquent\\Model.php(1298): Illuminate\\Database\\Eloquent\\Model->insertAndSetId(Object(Illuminate\\Database\\Eloquent\\Builder), Array)
#10 G:\\Milon Kumar Running Project\\oraska-lms-master\\vendor\\laravel\\framework\\src\\Illuminate\\Database\\Eloquent\\Model.php(1137): Illuminate\\Database\\Eloquent\\Model->performInsert(Object(Illuminate\\Database\\Eloquent\\Builder))
#11 G:\\Milon Kumar Running Project\\oraska-lms-master\\vendor\\laravel\\framework\\src\\Illuminate\\Database\\Eloquent\\Builder.php(1023): Illuminate\\Database\\Eloquent\\Model->save()
#12 G:\\Milon Kumar Running Project\\oraska-lms-master\\vendor\\laravel\\framework\\src\\Illuminate\\Support\\helpers.php(307): Illuminate\\Database\\Eloquent\\Builder->Illuminate\\Database\\Eloquent\\{closure}(Object(Shetabit\\Visitor\\Models\\Visit))
#13 G:\\Milon Kumar Running Project\\oraska-lms-master\\vendor\\laravel\\framework\\src\\Illuminate\\Database\\Eloquent\\Builder.php(1022): tap(Object(Shetabit\\Visitor\\Models\\Visit), Object(Closure))
#14 G:\\Milon Kumar Running Project\\oraska-lms-master\\vendor\\laravel\\framework\\src\\Illuminate\\Support\\Traits\\ForwardsCalls.php(23): Illuminate\\Database\\Eloquent\\Builder->create(Array)
#15 G:\\Milon Kumar Running Project\\oraska-lms-master\\vendor\\laravel\\framework\\src\\Illuminate\\Database\\Eloquent\\Model.php(2333): Illuminate\\Database\\Eloquent\\Model->forwardCallTo(Object(Illuminate\\Database\\Eloquent\\Builder), 'create', Array)
#16 G:\\Milon Kumar Running Project\\oraska-lms-master\\vendor\\laravel\\framework\\src\\Illuminate\\Database\\Eloquent\\Model.php(2345): Illuminate\\Database\\Eloquent\\Model->__call('create', Array)
#17 G:\\Milon Kumar Running Project\\oraska-lms-master\\vendor\\shetabit\\visitor\\src\\Visitor.php(248): Illuminate\\Database\\Eloquent\\Model::__callStatic('create', Array)
#18 G:\\Milon Kumar Running Project\\oraska-lms-master\\vendor\\shetabit\\visitor\\src\\Middlewares\\LogVisits.php(36): Shetabit\\Visitor\\Visitor->visit()
#19 G:\\Milon Kumar Running Project\\oraska-lms-master\\vendor\\laravel\\framework\\src\\Illuminate\\Pipeline\\Pipeline.php(180): Shetabit\\Visitor\\Middlewares\\LogVisits->handle(Object(Illuminate\\Http\\Request), Object(Closure))
#20 G:\\Milon Kumar Running Project\\oraska-lms-master\\vendor\\laravel\\framework\\src\\Illuminate\\Routing\\Middleware\\SubstituteBindings.php(50): Illuminate\\Pipeline\\Pipeline->Illuminate\\Pipeline\\{closure}(Object(Illuminate\\Http\\Request))
#21 G:\\Milon Kumar Running Project\\oraska-lms-master\\vendor\\laravel\\framework\\src\\Illuminate\\Pipeline\\Pipeline.php(180): Illuminate\\Routing\\Middleware\\SubstituteBindings->handle(Object(Illuminate\\Http\\Request), Object(Closure))
#22 G:\\Milon Kumar Running Project\\oraska-lms-master\\vendor\\laravel\\framework\\src\\Illuminate\\Foundation\\Http\\Middleware\\VerifyCsrfToken.php(78): Illuminate\\Pipeline\\Pipeline->Illuminate\\Pipeline\\{closure}(Object(Illuminate\\Http\\Request))
#23 G:\\Milon Kumar Running Project\\oraska-lms-master\\vendor\\laravel\\framework\\src\\Illuminate\\Pipeline\\Pipeline.php(180): Illuminate\\Foundation\\Http\\Middleware\\VerifyCsrfToken->handle(Object(Illuminate\\Http\\Request), Object(Closure))
#24 G:\\Milon Kumar Running Project\\oraska-lms-master\\vendor\\laravel\\framework\\src\\Illuminate\\View\\Middleware\\ShareErrorsFromSession.php(49): Illuminate\\Pipeline\\Pipeline->Illuminate\\Pipeline\\{closure}(Object(Illuminate\\Http\\Request))
#25 G:\\Milon Kumar Running Project\\oraska-lms-master\\vendor\\laravel\\framework\\src\\Illuminate\\Pipeline\\Pipeline.php(180): Illuminate\\View\\Middleware\\ShareErrorsFromSession->handle(Object(Illuminate\\Http\\Request), Object(Closure))
#26 G:\\Milon Kumar Running Project\\oraska-lms-master\\vendor\\laravel\\framework\\src\\Illuminate\\Session\\Middleware\\StartSession.php(121): Illuminate\\Pipeline\\Pipeline->Illuminate\\Pipeline\\{closure}(Object(Illuminate\\Http\\Request))
#27 G:\\Milon Kumar Running Project\\oraska-lms-master\\vendor\\laravel\\framework\\src\\Illuminate\\Session\\Middleware\\StartSession.php(64): Illuminate\\Session\\Middleware\\StartSession->handleStatefulRequest(Object(Illuminate\\Http\\Request), Object(Illuminate\\Session\\Store), Object(Closure))
#28 G:\\Milon Kumar Running Project\\oraska-lms-master\\vendor\\laravel\\framework\\src\\Illuminate\\Pipeline\\Pipeline.php(180): Illuminate\\Session\\Middleware\\StartSession->handle(Object(Illuminate\\Http\\Request), Object(Closure))
#29 G:\\Milon Kumar Running Project\\oraska-lms-master\\vendor\\laravel\\framework\\src\\Illuminate\\Cookie\\Middleware\\AddQueuedCookiesToResponse.php(37): Illuminate\\Pipeline\\Pipeline->Illuminate\\Pipeline\\{closure}(Object(Illuminate\\Http\\Request))
#30 G:\\Milon Kumar Running Project\\oraska-lms-master\\vendor\\laravel\\framework\\src\\Illuminate\\Pipeline\\Pipeline.php(180): Illuminate\\Cookie\\Middleware\\AddQueuedCookiesToResponse->handle(Object(Illuminate\\Http\\Request), Object(Closure))
#31 G:\\Milon Kumar Running Project\\oraska-lms-master\\vendor\\laravel\\framework\\src\\Illuminate\\Cookie\\Middleware\\EncryptCookies.php(67): Illuminate\\Pipeline\\Pipeline->Illuminate\\Pipeline\\{closure}(Object(Illuminate\\Http\\Request))
#32 G:\\Milon Kumar Running Project\\oraska-lms-master\\vendor\\laravel\\framework\\src\\Illuminate\\Pipeline\\Pipeline.php(180): Illuminate\\Cookie\\Middleware\\EncryptCookies->handle(Object(Illuminate\\Http\\Request), Object(Closure))
#33 G:\\Milon Kumar Running Project\\oraska-lms-master\\vendor\\laravel\\framework\\src\\Illuminate\\Pipeline\\Pipeline.php(116): Illuminate\\Pipeline\\Pipeline->Illuminate\\Pipeline\\{closure}(Object(Illuminate\\Http\\Request))
#34 G:\\Milon Kumar Running Project\\oraska-lms-master\\vendor\\laravel\\framework\\src\\Illuminate\\Routing\\Router.php(798): Illuminate\\Pipeline\\Pipeline->then(Object(Closure))
#35 G:\\Milon Kumar Running Project\\oraska-lms-master\\vendor\\laravel\\framework\\src\\Illuminate\\Routing\\Router.php(777): Illuminate\\Routing\\Router->runRouteWithinStack(Object(Illuminate\\Routing\\Route), Object(Illuminate\\Http\\Request))
#36 G:\\Milon Kumar Running Project\\oraska-lms-master\\vendor\\laravel\\framework\\src\\Illuminate\\Routing\\Router.php(741): Illuminate\\Routing\\Router->runRoute(Object(Illuminate\\Http\\Request), Object(Illuminate\\Routing\\Route))
#37 G:\\Milon Kumar Running Project\\oraska-lms-master\\vendor\\laravel\\framework\\src\\Illuminate\\Routing\\Router.php(730): Illuminate\\Routing\\Router->dispatchToRoute(Object(Illuminate\\Http\\Request))
#38 G:\\Milon Kumar Running Project\\oraska-lms-master\\vendor\\laravel\\framework\\src\\Illuminate\\Foundation\\Http\\Kernel.php(200): Illuminate\\Routing\\Router->dispatch(Object(Illuminate\\Http\\Request))
#39 G:\\Milon Kumar Running Project\\oraska-lms-master\\vendor\\laravel\\framework\\src\\Illuminate\\Pipeline\\Pipeline.php(141): Illuminate\\Foundation\\Http\\Kernel->Illuminate\\Foundation\\Http\\{closure}(Object(Illuminate\\Http\\Request))
#40 G:\\Milon Kumar Running Project\\oraska-lms-master\\vendor\\laravel\\framework\\src\\Illuminate\\Foundation\\Http\\Middleware\\TransformsRequest.php(21): Illuminate\\Pipeline\\Pipeline->Illuminate\\Pipeline\\{closure}(Object(Illuminate\\Http\\Request))
#41 G:\\Milon Kumar Running Project\\oraska-lms-master\\vendor\\laravel\\framework\\src\\Illuminate\\Foundation\\Http\\Middleware\\ConvertEmptyStringsToNull.php(31): Illuminate\\Foundation\\Http\\Middleware\\TransformsRequest->handle(Object(Illuminate\\Http\\Request), Object(Closure))
#42 G:\\Milon Kumar Running Project\\oraska-lms-master\\vendor\\laravel\\framework\\src\\Illuminate\\Pipeline\\Pipeline.php(180): Illuminate\\Foundation\\Http\\Middleware\\ConvertEmptyStringsToNull->handle(Object(Illuminate\\Http\\Request), Object(Closure))
#43 G:\\Milon Kumar Running Project\\oraska-lms-master\\vendor\\laravel\\framework\\src\\Illuminate\\Foundation\\Http\\Middleware\\TransformsRequest.php(21): Illuminate\\Pipeline\\Pipeline->Illuminate\\Pipeline\\{closure}(Object(Illuminate\\Http\\Request))
#44 G:\\Milon Kumar Running Project\\oraska-lms-master\\vendor\\laravel\\framework\\src\\Illuminate\\Foundation\\Http\\Middleware\\TrimStrings.php(40): Illuminate\\Foundation\\Http\\Middleware\\TransformsRequest->handle(Object(Illuminate\\Http\\Request), Object(Closure))
#45 G:\\Milon Kumar Running Project\\oraska-lms-master\\vendor\\laravel\\framework\\src\\Illuminate\\Pipeline\\Pipeline.php(180): Illuminate\\Foundation\\Http\\Middleware\\TrimStrings->handle(Object(Illuminate\\Http\\Request), Object(Closure))
#46 G:\\Milon Kumar Running Project\\oraska-lms-master\\vendor\\laravel\\framework\\src\\Illuminate\\Foundation\\Http\\Middleware\\ValidatePostSize.php(27): Illuminate\\Pipeline\\Pipeline->Illuminate\\Pipeline\\{closure}(Object(Illuminate\\Http\\Request))
#47 G:\\Milon Kumar Running Project\\oraska-lms-master\\vendor\\laravel\\framework\\src\\Illuminate\\Pipeline\\Pipeline.php(180): Illuminate\\Foundation\\Http\\Middleware\\ValidatePostSize->handle(Object(Illuminate\\Http\\Request), Object(Closure))
#48 G:\\Milon Kumar Running Project\\oraska-lms-master\\vendor\\laravel\\framework\\src\\Illuminate\\Foundation\\Http\\Middleware\\PreventRequestsDuringMaintenance.php(89): Illuminate\\Pipeline\\Pipeline->Illuminate\\Pipeline\\{closure}(Object(Illuminate\\Http\\Request))
#49 G:\\Milon Kumar Running Project\\oraska-lms-master\\vendor\\laravel\\framework\\src\\Illuminate\\Pipeline\\Pipeline.php(180): Illuminate\\Foundation\\Http\\Middleware\\PreventRequestsDuringMaintenance->handle(Object(Illuminate\\Http\\Request), Object(Closure))
#50 G:\\Milon Kumar Running Project\\oraska-lms-master\\vendor\\laravel\\framework\\src\\Illuminate\\Http\\Middleware\\HandleCors.php(49): Illuminate\\Pipeline\\Pipeline->Illuminate\\Pipeline\\{closure}(Object(Illuminate\\Http\\Request))
#51 G:\\Milon Kumar Running Project\\oraska-lms-master\\vendor\\laravel\\framework\\src\\Illuminate\\Pipeline\\Pipeline.php(180): Illuminate\\Http\\Middleware\\HandleCors->handle(Object(Illuminate\\Http\\Request), Object(Closure))
#52 G:\\Milon Kumar Running Project\\oraska-lms-master\\vendor\\laravel\\framework\\src\\Illuminate\\Http\\Middleware\\TrustProxies.php(39): Illuminate\\Pipeline\\Pipeline->Illuminate\\Pipeline\\{closure}(Object(Illuminate\\Http\\Request))
#53 G:\\Milon Kumar Running Project\\oraska-lms-master\\vendor\\laravel\\framework\\src\\Illuminate\\Pipeline\\Pipeline.php(180): Illuminate\\Http\\Middleware\\TrustProxies->handle(Object(Illuminate\\Http\\Request), Object(Closure))
#54 G:\\Milon Kumar Running Project\\oraska-lms-master\\vendor\\laravel\\framework\\src\\Illuminate\\Pipeline\\Pipeline.php(116): Illuminate\\Pipeline\\Pipeline->Illuminate\\Pipeline\\{closure}(Object(Illuminate\\Http\\Request))
#55 G:\\Milon Kumar Running Project\\oraska-lms-master\\vendor\\laravel\\framework\\src\\Illuminate\\Foundation\\Http\\Kernel.php(175): Illuminate\\Pipeline\\Pipeline->then(Object(Closure))
#56 G:\\Milon Kumar Running Project\\oraska-lms-master\\vendor\\laravel\\framework\\src\\Illuminate\\Foundation\\Http\\Kernel.php(144): Illuminate\\Foundation\\Http\\Kernel->sendRequestThroughRouter(Object(Illuminate\\Http\\Request))
#57 G:\\Milon Kumar Running Project\\oraska-lms-master\\public\\index.php(51): Illuminate\\Foundation\\Http\\Kernel->handle(Object(Illuminate\\Http\\Request))
#58 G:\\Milon Kumar Running Project\\oraska-lms-master\\vendor\\laravel\\framework\\src\\Illuminate\\Foundation\\resources\\server.php(16): require_once('G:\\\\Milon Kumar ...')
#59 {main}

[previous exception] [object] (PDOException(code: 2002): SQLSTATE[HY000] [2002] No connection could be made because the target machine actively refused it at G:\\Milon Kumar Running Project\\oraska-lms-master\\vendor\\laravel\\framework\\src\\Illuminate\\Database\\Connectors\\Connector.php:65)
[stacktrace]
#0 G:\\Milon Kumar Running Project\\oraska-lms-master\\vendor\\laravel\\framework\\src\\Illuminate\\Database\\Connectors\\Connector.php(65): PDO->__construct('mysql:host=127....', 'root', Object(SensitiveParameterValue), Array)
#1 G:\\Milon Kumar Running Project\\oraska-lms-master\\vendor\\laravel\\framework\\src\\Illuminate\\Database\\Connectors\\Connector.php(83): Illuminate\\Database\\Connectors\\Connector->createPdoConnection('mysql:host=127....', 'root', '', Array)
#2 G:\\Milon Kumar Running Project\\oraska-lms-master\\vendor\\laravel\\framework\\src\\Illuminate\\Database\\Connectors\\Connector.php(48): Illuminate\\Database\\Connectors\\Connector->tryAgainIfCausedByLostConnection(Object(PDOException), 'mysql:host=127....', 'root', '', Array)
#3 G:\\Milon Kumar Running Project\\oraska-lms-master\\vendor\\laravel\\framework\\src\\Illuminate\\Database\\Connectors\\MySqlConnector.php(24): Illuminate\\Database\\Connectors\\Connector->createConnection('mysql:host=127....', Array, Array)
#4 G:\\Milon Kumar Running Project\\oraska-lms-master\\vendor\\laravel\\framework\\src\\Illuminate\\Database\\Connectors\\ConnectionFactory.php(184): Illuminate\\Database\\Connectors\\MySqlConnector->connect(Array)
#5 [internal function]: Illuminate\\Database\\Connectors\\ConnectionFactory->Illuminate\\Database\\Connectors\\{closure}()
#6 G:\\Milon Kumar Running Project\\oraska-lms-master\\vendor\\laravel\\framework\\src\\Illuminate\\Database\\Connection.php(1292): call_user_func(Object(Closure))
#7 G:\\Milon Kumar Running Project\\oraska-lms-master\\vendor\\laravel\\framework\\src\\Illuminate\\Database\\Connection.php(574): Illuminate\\Database\\Connection->getPdo()
#8 G:\\Milon Kumar Running Project\\oraska-lms-master\\vendor\\laravel\\framework\\src\\Illuminate\\Database\\Connection.php(788): Illuminate\\Database\\Connection->Illuminate\\Database\\{closure}('insert into `sh...', Array)
#9 G:\\Milon Kumar Running Project\\oraska-lms-master\\vendor\\laravel\\framework\\src\\Illuminate\\Database\\Connection.php(951): Illuminate\\Database\\Connection->runQueryCallback('insert into `sh...', Array, Object(Closure))
#10 G:\\Milon Kumar Running Project\\oraska-lms-master\\vendor\\laravel\\framework\\src\\Illuminate\\Database\\Connection.php(930): Illuminate\\Database\\Connection->tryAgainIfCausedByLostConnection(Object(Illuminate\\Database\\QueryException), 'insert into `sh...', Array, Object(Closure))
#11 G:\\Milon Kumar Running Project\\oraska-lms-master\\vendor\\laravel\\framework\\src\\Illuminate\\Database\\Connection.php(757): Illuminate\\Database\\Connection->handleQueryException(Object(Illuminate\\Database\\QueryException), 'insert into `sh...', Array, Object(Closure))
#12 G:\\Milon Kumar Running Project\\oraska-lms-master\\vendor\\laravel\\framework\\src\\Illuminate\\Database\\Connection.php(569): Illuminate\\Database\\Connection->run('insert into `sh...', Array, Object(Closure))
#13 G:\\Milon Kumar Running Project\\oraska-lms-master\\vendor\\laravel\\framework\\src\\Illuminate\\Database\\Connection.php(533): Illuminate\\Database\\Connection->statement('insert into `sh...', Array)
#14 G:\\Milon Kumar Running Project\\oraska-lms-master\\vendor\\laravel\\framework\\src\\Illuminate\\Database\\Query\\Processors\\Processor.php(32): Illuminate\\Database\\Connection->insert('insert into `sh...', Array)
#15 G:\\Milon Kumar Running Project\\oraska-lms-master\\vendor\\laravel\\framework\\src\\Illuminate\\Database\\Query\\Builder.php(3387): Illuminate\\Database\\Query\\Processors\\Processor->processInsertGetId(Object(Illuminate\\Database\\Query\\Builder), 'insert into `sh...', Array, 'id')
#16 G:\\Milon Kumar Running Project\\oraska-lms-master\\vendor\\laravel\\framework\\src\\Illuminate\\Database\\Eloquent\\Builder.php(1968): Illuminate\\Database\\Query\\Builder->insertGetId(Array, 'id')
#17 G:\\Milon Kumar Running Project\\oraska-lms-master\\vendor\\laravel\\framework\\src\\Illuminate\\Database\\Eloquent\\Model.php(1333): Illuminate\\Database\\Eloquent\\Builder->__call('insertGetId', Array)
#18 G:\\Milon Kumar Running Project\\oraska-lms-master\\vendor\\laravel\\framework\\src\\Illuminate\\Database\\Eloquent\\Model.php(1298): Illuminate\\Database\\Eloquent\\Model->insertAndSetId(Object(Illuminate\\Database\\Eloquent\\Builder), Array)
#19 G:\\Milon Kumar Running Project\\oraska-lms-master\\vendor\\laravel\\framework\\src\\Illuminate\\Database\\Eloquent\\Model.php(1137): Illuminate\\Database\\Eloquent\\Model->performInsert(Object(Illuminate\\Database\\Eloquent\\Builder))
#20 G:\\Milon Kumar Running Project\\oraska-lms-master\\vendor\\laravel\\framework\\src\\Illuminate\\Database\\Eloquent\\Builder.php(1023): Illuminate\\Database\\Eloquent\\Model->save()
#21 G:\\Milon Kumar Running Project\\oraska-lms-master\\vendor\\laravel\\framework\\src\\Illuminate\\Support\\helpers.php(307): Illuminate\\Database\\Eloquent\\Builder->Illuminate\\Database\\Eloquent\\{closure}(Object(Shetabit\\Visitor\\Models\\Visit))
#22 G:\\Milon Kumar Running Project\\oraska-lms-master\\vendor\\laravel\\framework\\src\\Illuminate\\Database\\Eloquent\\Builder.php(1022): tap(Object(Shetabit\\Visitor\\Models\\Visit), Object(Closure))
#23 G:\\Milon Kumar Running Project\\oraska-lms-master\\vendor\\laravel\\framework\\src\\Illuminate\\Support\\Traits\\ForwardsCalls.php(23): Illuminate\\Database\\Eloquent\\Builder->create(Array)
#24 G:\\Milon Kumar Running Project\\oraska-lms-master\\vendor\\laravel\\framework\\src\\Illuminate\\Database\\Eloquent\\Model.php(2333): Illuminate\\Database\\Eloquent\\Model->forwardCallTo(Object(Illuminate\\Database\\Eloquent\\Builder), 'create', Array)
#25 G:\\Milon Kumar Running Project\\oraska-lms-master\\vendor\\laravel\\framework\\src\\Illuminate\\Database\\Eloquent\\Model.php(2345): Illuminate\\Database\\Eloquent\\Model->__call('create', Array)
#26 G:\\Milon Kumar Running Project\\oraska-lms-master\\vendor\\shetabit\\visitor\\src\\Visitor.php(248): Illuminate\\Database\\Eloquent\\Model::__callStatic('create', Array)
#27 G:\\Milon Kumar Running Project\\oraska-lms-master\\vendor\\shetabit\\visitor\\src\\Middlewares\\LogVisits.php(36): Shetabit\\Visitor\\Visitor->visit()
#28 G:\\Milon Kumar Running Project\\oraska-lms-master\\vendor\\laravel\\framework\\src\\Illuminate\\Pipeline\\Pipeline.php(180): Shetabit\\Visitor\\Middlewares\\LogVisits->handle(Object(Illuminate\\Http\\Request), Object(Closure))
#29 G:\\Milon Kumar Running Project\\oraska-lms-master\\vendor\\laravel\\framework\\src\\Illuminate\\Routing\\Middleware\\SubstituteBindings.php(50): Illuminate\\Pipeline\\Pipeline->Illuminate\\Pipeline\\{closure}(Object(Illuminate\\Http\\Request))
#30 G:\\Milon Kumar Running Project\\oraska-lms-master\\vendor\\laravel\\framework\\src\\Illuminate\\Pipeline\\Pipeline.php(180): Illuminate\\Routing\\Middleware\\SubstituteBindings->handle(Object(Illuminate\\Http\\Request), Object(Closure))
#31 G:\\Milon Kumar Running Project\\oraska-lms-master\\vendor\\laravel\\framework\\src\\Illuminate\\Foundation\\Http\\Middleware\\VerifyCsrfToken.php(78): Illuminate\\Pipeline\\Pipeline->Illuminate\\Pipeline\\{closure}(Object(Illuminate\\Http\\Request))
#32 G:\\Milon Kumar Running Project\\oraska-lms-master\\vendor\\laravel\\framework\\src\\Illuminate\\Pipeline\\Pipeline.php(180): Illuminate\\Foundation\\Http\\Middleware\\VerifyCsrfToken->handle(Object(Illuminate\\Http\\Request), Object(Closure))
#33 G:\\Milon Kumar Running Project\\oraska-lms-master\\vendor\\laravel\\framework\\src\\Illuminate\\View\\Middleware\\ShareErrorsFromSession.php(49): Illuminate\\Pipeline\\Pipeline->Illuminate\\Pipeline\\{closure}(Object(Illuminate\\Http\\Request))
#34 G:\\Milon Kumar Running Project\\oraska-lms-master\\vendor\\laravel\\framework\\src\\Illuminate\\Pipeline\\Pipeline.php(180): Illuminate\\View\\Middleware\\ShareErrorsFromSession->handle(Object(Illuminate\\Http\\Request), Object(Closure))
#35 G:\\Milon Kumar Running Project\\oraska-lms-master\\vendor\\laravel\\framework\\src\\Illuminate\\Session\\Middleware\\StartSession.php(121): Illuminate\\Pipeline\\Pipeline->Illuminate\\Pipeline\\{closure}(Object(Illuminate\\Http\\Request))
#36 G:\\Milon Kumar Running Project\\oraska-lms-master\\vendor\\laravel\\framework\\src\\Illuminate\\Session\\Middleware\\StartSession.php(64): Illuminate\\Session\\Middleware\\StartSession->handleStatefulRequest(Object(Illuminate\\Http\\Request), Object(Illuminate\\Session\\Store), Object(Closure))
#37 G:\\Milon Kumar Running Project\\oraska-lms-master\\vendor\\laravel\\framework\\src\\Illuminate\\Pipeline\\Pipeline.php(180): Illuminate\\Session\\Middleware\\StartSession->handle(Object(Illuminate\\Http\\Request), Object(Closure))
#38 G:\\Milon Kumar Running Project\\oraska-lms-master\\vendor\\laravel\\framework\\src\\Illuminate\\Cookie\\Middleware\\AddQueuedCookiesToResponse.php(37): Illuminate\\Pipeline\\Pipeline->Illuminate\\Pipeline\\{closure}(Object(Illuminate\\Http\\Request))
#39 G:\\Milon Kumar Running Project\\oraska-lms-master\\vendor\\laravel\\framework\\src\\Illuminate\\Pipeline\\Pipeline.php(180): Illuminate\\Cookie\\Middleware\\AddQueuedCookiesToResponse->handle(Object(Illuminate\\Http\\Request), Object(Closure))
#40 G:\\Milon Kumar Running Project\\oraska-lms-master\\vendor\\laravel\\framework\\src\\Illuminate\\Cookie\\Middleware\\EncryptCookies.php(67): Illuminate\\Pipeline\\Pipeline->Illuminate\\Pipeline\\{closure}(Object(Illuminate\\Http\\Request))
#41 G:\\Milon Kumar Running Project\\oraska-lms-master\\vendor\\laravel\\framework\\src\\Illuminate\\Pipeline\\Pipeline.php(180): Illuminate\\Cookie\\Middleware\\EncryptCookies->handle(Object(Illuminate\\Http\\Request), Object(Closure))
#42 G:\\Milon Kumar Running Project\\oraska-lms-master\\vendor\\laravel\\framework\\src\\Illuminate\\Pipeline\\Pipeline.php(116): Illuminate\\Pipeline\\Pipeline->Illuminate\\Pipeline\\{closure}(Object(Illuminate\\Http\\Request))
#43 G:\\Milon Kumar Running Project\\oraska-lms-master\\vendor\\laravel\\framework\\src\\Illuminate\\Routing\\Router.php(798): Illuminate\\Pipeline\\Pipeline->then(Object(Closure))
#44 G:\\Milon Kumar Running Project\\oraska-lms-master\\vendor\\laravel\\framework\\src\\Illuminate\\Routing\\Router.php(777): Illuminate\\Routing\\Router->runRouteWithinStack(Object(Illuminate\\Routing\\Route), Object(Illuminate\\Http\\Request))
#45 G:\\Milon Kumar Running Project\\oraska-lms-master\\vendor\\laravel\\framework\\src\\Illuminate\\Routing\\Router.php(741): Illuminate\\Routing\\Router->runRoute(Object(Illuminate\\Http\\Request), Object(Illuminate\\Routing\\Route))
#46 G:\\Milon Kumar Running Project\\oraska-lms-master\\vendor\\laravel\\framework\\src\\Illuminate\\Routing\\Router.php(730): Illuminate\\Routing\\Router->dispatchToRoute(Object(Illuminate\\Http\\Request))
#47 G:\\Milon Kumar Running Project\\oraska-lms-master\\vendor\\laravel\\framework\\src\\Illuminate\\Foundation\\Http\\Kernel.php(200): Illuminate\\Routing\\Router->dispatch(Object(Illuminate\\Http\\Request))
#48 G:\\Milon Kumar Running Project\\oraska-lms-master\\vendor\\laravel\\framework\\src\\Illuminate\\Pipeline\\Pipeline.php(141): Illuminate\\Foundation\\Http\\Kernel->Illuminate\\Foundation\\Http\\{closure}(Object(Illuminate\\Http\\Request))
#49 G:\\Milon Kumar Running Project\\oraska-lms-master\\vendor\\laravel\\framework\\src\\Illuminate\\Foundation\\Http\\Middleware\\TransformsRequest.php(21): Illuminate\\Pipeline\\Pipeline->Illuminate\\Pipeline\\{closure}(Object(Illuminate\\Http\\Request))
#50 G:\\Milon Kumar Running Project\\oraska-lms-master\\vendor\\laravel\\framework\\src\\Illuminate\\Foundation\\Http\\Middleware\\ConvertEmptyStringsToNull.php(31): Illuminate\\Foundation\\Http\\Middleware\\TransformsRequest->handle(Object(Illuminate\\Http\\Request), Object(Closure))
#51 G:\\Milon Kumar Running Project\\oraska-lms-master\\vendor\\laravel\\framework\\src\\Illuminate\\Pipeline\\Pipeline.php(180): Illuminate\\Foundation\\Http\\Middleware\\ConvertEmptyStringsToNull->handle(Object(Illuminate\\Http\\Request), Object(Closure))
#52 G:\\Milon Kumar Running Project\\oraska-lms-master\\vendor\\laravel\\framework\\src\\Illuminate\\Foundation\\Http\\Middleware\\TransformsRequest.php(21): Illuminate\\Pipeline\\Pipeline->Illuminate\\Pipeline\\{closure}(Object(Illuminate\\Http\\Request))
#53 G:\\Milon Kumar Running Project\\oraska-lms-master\\vendor\\laravel\\framework\\src\\Illuminate\\Foundation\\Http\\Middleware\\TrimStrings.php(40): Illuminate\\Foundation\\Http\\Middleware\\TransformsRequest->handle(Object(Illuminate\\Http\\Request), Object(Closure))
#54 G:\\Milon Kumar Running Project\\oraska-lms-master\\vendor\\laravel\\framework\\src\\Illuminate\\Pipeline\\Pipeline.php(180): Illuminate\\Foundation\\Http\\Middleware\\TrimStrings->handle(Object(Illuminate\\Http\\Request), Object(Closure))
#55 G:\\Milon Kumar Running Project\\oraska-lms-master\\vendor\\laravel\\framework\\src\\Illuminate\\Foundation\\Http\\Middleware\\ValidatePostSize.php(27): Illuminate\\Pipeline\\Pipeline->Illuminate\\Pipeline\\{closure}(Object(Illuminate\\Http\\Request))
#56 G:\\Milon Kumar Running Project\\oraska-lms-master\\vendor\\laravel\\framework\\src\\Illuminate\\Pipeline\\Pipeline.php(180): Illuminate\\Foundation\\Http\\Middleware\\ValidatePostSize->handle(Object(Illuminate\\Http\\Request), Object(Closure))
#57 G:\\Milon Kumar Running Project\\oraska-lms-master\\vendor\\laravel\\framework\\src\\Illuminate\\Foundation\\Http\\Middleware\\PreventRequestsDuringMaintenance.php(89): Illuminate\\Pipeline\\Pipeline->Illuminate\\Pipeline\\{closure}(Object(Illuminate\\Http\\Request))
#58 G:\\Milon Kumar Running Project\\oraska-lms-master\\vendor\\laravel\\framework\\src\\Illuminate\\Pipeline\\Pipeline.php(180): Illuminate\\Foundation\\Http\\Middleware\\PreventRequestsDuringMaintenance->handle(Object(Illuminate\\Http\\Request), Object(Closure))
#59 G:\\Milon Kumar Running Project\\oraska-lms-master\\vendor\\laravel\\framework\\src\\Illuminate\\Http\\Middleware\\HandleCors.php(49): Illuminate\\Pipeline\\Pipeline->Illuminate\\Pipeline\\{closure}(Object(Illuminate\\Http\\Request))
#60 G:\\Milon Kumar Running Project\\oraska-lms-master\\vendor\\laravel\\framework\\src\\Illuminate\\Pipeline\\Pipeline.php(180): Illuminate\\Http\\Middleware\\HandleCors->handle(Object(Illuminate\\Http\\Request), Object(Closure))
#61 G:\\Milon Kumar Running Project\\oraska-lms-master\\vendor\\laravel\\framework\\src\\Illuminate\\Http\\Middleware\\TrustProxies.php(39): Illuminate\\Pipeline\\Pipeline->Illuminate\\Pipeline\\{closure}(Object(Illuminate\\Http\\Request))
#62 G:\\Milon Kumar Running Project\\oraska-lms-master\\vendor\\laravel\\framework\\src\\Illuminate\\Pipeline\\Pipeline.php(180): Illuminate\\Http\\Middleware\\TrustProxies->handle(Object(Illuminate\\Http\\Request), Object(Closure))
#63 G:\\Milon Kumar Running Project\\oraska-lms-master\\vendor\\laravel\\framework\\src\\Illuminate\\Pipeline\\Pipeline.php(116): Illuminate\\Pipeline\\Pipeline->Illuminate\\Pipeline\\{closure}(Object(Illuminate\\Http\\Request))
#64 G:\\Milon Kumar Running Project\\oraska-lms-master\\vendor\\laravel\\framework\\src\\Illuminate\\Foundation\\Http\\Kernel.php(175): Illuminate\\Pipeline\\Pipeline->then(Object(Closure))
#65 G:\\Milon Kumar Running Project\\oraska-lms-master\\vendor\\laravel\\framework\\src\\Illuminate\\Foundation\\Http\\Kernel.php(144): Illuminate\\Foundation\\Http\\Kernel->sendRequestThroughRouter(Object(Illuminate\\Http\\Request))
#66 G:\\Milon Kumar Running Project\\oraska-lms-master\\public\\index.php(51): Illuminate\\Foundation\\Http\\Kernel->handle(Object(Illuminate\\Http\\Request))
#67 G:\\Milon Kumar Running Project\\oraska-lms-master\\vendor\\laravel\\framework\\src\\Illuminate\\Foundation\\resources\\server.php(16): require_once('G:\\\\Milon Kumar ...')
#68 {main}
"} 
